#
# There is insufficient memory for the Java Runtime Environment to continue.
# Native memory allocation (malloc) failed to allocate 1048576 bytes for AllocateHeap
# Possible reasons:
#   The system is out of physical RAM or swap space
#   In 32 bit mode, the process size limit was hit
# Possible solutions:
#   Reduce memory load on the system
#   Increase physical memory or swap space
#   Check if swap backing store is full
#   Use 64 bit Java on a 64 bit OS
#   Decrease Java heap size (-Xmx/-Xms)
#   Decrease number of Java threads
#   Decrease Java thread stack sizes (-Xss)
#   Set larger code cache with -XX:ReservedCodeCacheSize=
# This output file may be truncated or incomplete.
#
#  Out of Memory Error (memory/allocation.inline.hpp:61), pid=27036, tid=0x0000000000001b2c
#
# JRE version:  (8.0_152-b16) (build )
# Java VM: Java HotSpot(TM) 64-Bit Server VM (25.152-b16 mixed mode windows-amd64 compressed oops)
# Failed to write core dump. Minidumps are not enabled by default on client versions of Windows
#

---------------  T H R E A D  ---------------

Current thread (0x0000000002e23800):  JavaThread "Unknown thread" [_thread_in_vm, id=6956, stack(0x0000000002870000,0x0000000002970000)]

Stack: [0x0000000002870000,0x0000000002970000]
[error occurred during error reporting (printing stack bounds), id 0xc0000005]

Native frames: (J=compiled Java code, j=interpreted, Vv=VM code, C=native code)


---------------  P R O C E S S  ---------------

Java Threads: ( => current thread )

Other Threads:

=>0x0000000002e23800 (exited) JavaThread "Unknown thread" [_thread_in_vm, id=6956, stack(0x0000000002870000,0x0000000002970000)]

VM state:not at safepoint (normal execution)

VM Mutex/Monitor currently owned by a thread: None

Heap:
 PSYoungGen      total 38400K, used 665K [0x00000000d5e00000, 0x00000000d8880000, 0x0000000100000000)
  eden space 33280K, 2% used [0x00000000d5e00000,0x00000000d5ea6670,0x00000000d7e80000)
  from space 5120K, 0% used [0x00000000d8380000,0x00000000d8380000,0x00000000d8880000)
  to   space 5120K, 0% used [0x00000000d7e80000,0x00000000d7e80000,0x00000000d8380000)
 ParOldGen       total 87552K, used 0K [0x0000000081a00000, 0x0000000086f80000, 0x00000000d5e00000)
  object space 87552K, 0% used [0x0000000081a00000,0x0000000081a00000,0x0000000086f80000)
 Metaspace       used 770K, capacity 4480K, committed 4480K, reserved 1056768K
  class space    used 75K, capacity 384K, committed 384K, reserved 1048576K

Card table byte_map: [0x00000000122e0000,0x00000000126e0000] byte_map_base: 0x0000000011ed3000

Marking Bits: (ParMarkBitMap*) 0x0000000066830860
 Begin Bits: [0x0000000013190000, 0x0000000015128000)
 End Bits:   [0x0000000015128000, 0x00000000170c0000)

Polling page: 0x0000000001020000

CodeCache: size=245760Kb used=328Kb max_used=328Kb free=245431Kb
 bounds [0x0000000002f20000, 0x0000000003190000, 0x0000000011f20000]
 total_blobs=58 nmethods=0 adapters=38
 compilation: enabled

Compilation events (0 events):
No events

GC Heap History (0 events):
No events

Deoptimization events (0 events):
No events

Classes redefined (0 events):
No events

Internal exceptions (0 events):
No events

Events (10 events):
Event: 0.034 loading class java/lang/Short
Event: 0.034 loading class java/lang/Short done
Event: 0.034 loading class java/lang/Integer
Event: 0.034 loading class java/lang/Integer done
Event: 0.034 loading class java/lang/Long
Event: 0.034 loading class java/lang/Long done
Event: 0.035 loading class java/lang/NullPointerException
Event: 0.035 loading class java/lang/NullPointerException done
Event: 0.035 loading class java/lang/ArithmeticException
Event: 0.035 loading class java/lang/ArithmeticException done


Dynamic libraries:
0x00007ff63afd0000 - 0x00007ff63b007000 	C:\Program Files\Java\jdk1.8.0_152\bin\java.exe
0x00007ffa58e10000 - 0x00007ffa59005000 	C:\WINDOWS\SYSTEM32\ntdll.dll
0x00007ffa58be0000 - 0x00007ffa58c9d000 	C:\WINDOWS\System32\KERNEL32.DLL
0x00007ffa56810000 - 0x00007ffa56ad8000 	C:\WINDOWS\System32\KERNELBASE.dll
0x00007ffa58100000 - 0x00007ffa581ac000 	C:\WINDOWS\System32\ADVAPI32.dll
0x00007ffa570a0000 - 0x00007ffa5713e000 	C:\WINDOWS\System32\msvcrt.dll
0x00007ffa57140000 - 0x00007ffa571db000 	C:\WINDOWS\System32\sechost.dll
0x00007ffa575f0000 - 0x00007ffa5771b000 	C:\WINDOWS\System32\RPCRT4.dll
0x00007ffa57ee0000 - 0x00007ffa58080000 	C:\WINDOWS\System32\USER32.dll
0x00007ffa56600000 - 0x00007ffa56622000 	C:\WINDOWS\System32\win32u.dll
0x00007ffa56e70000 - 0x00007ffa56e9a000 	C:\WINDOWS\System32\GDI32.dll
0x00007ffa56ae0000 - 0x00007ffa56beb000 	C:\WINDOWS\System32\gdi32full.dll
0x00007ffa56c70000 - 0x00007ffa56d0d000 	C:\WINDOWS\System32\msvcp_win.dll
0x00007ffa566e0000 - 0x00007ffa567e0000 	C:\WINDOWS\System32\ucrtbase.dll
0x00007ffa41ea0000 - 0x00007ffa4213a000 	C:\WINDOWS\WinSxS\amd64_microsoft.windows.common-controls_6595b64144ccf1df_6.0.19041.844_none_ca00b6081b84eb1d\COMCTL32.dll
0x00007ffa582b0000 - 0x00007ffa582e0000 	C:\WINDOWS\System32\IMM32.DLL
0x00000000668b0000 - 0x0000000066982000 	C:\Program Files\Java\jdk1.8.0_152\jre\bin\msvcr100.dll
0x0000000066010000 - 0x00000000668b0000 	C:\Program Files\Java\jdk1.8.0_152\jre\bin\server\jvm.dll
0x00007ffa582a0000 - 0x00007ffa582a8000 	C:\WINDOWS\System32\PSAPI.DLL
0x00007ffa41e70000 - 0x00007ffa41e97000 	C:\WINDOWS\SYSTEM32\WINMM.dll
0x00007ffa55270000 - 0x00007ffa5527a000 	C:\WINDOWS\SYSTEM32\VERSION.dll
0x00007ffa2b200000 - 0x00007ffa2b209000 	C:\WINDOWS\SYSTEM32\WSOCK32.dll
0x00007ffa57720000 - 0x00007ffa5778b000 	C:\WINDOWS\System32\WS2_32.dll
0x0000000066a80000 - 0x0000000066a8f000 	C:\Program Files\Java\jdk1.8.0_152\jre\bin\verify.dll
0x0000000065fe0000 - 0x0000000066009000 	C:\Program Files\Java\jdk1.8.0_152\jre\bin\java.dll
0x0000000065f90000 - 0x0000000065fb3000 	C:\Program Files\Java\jdk1.8.0_152\jre\bin\instrument.dll
0x0000000065fc0000 - 0x0000000065fd6000 	C:\Program Files\Java\jdk1.8.0_152\jre\bin\zip.dll

VM Arguments:
jvm_args: -javaagent:C:\Program Files\Java\IntelliJ IDEA 2020.2.3\lib\idea_rt.jar=58975:C:\Program Files\Java\IntelliJ IDEA 2020.2.3\bin -Dfile.encoding=UTF-8 
java_command: Override01
java_class_path (initial): C:\Program Files\Java\jdk1.8.0_152\jre\lib\charsets.jar;C:\Program Files\Java\jdk1.8.0_152\jre\lib\deploy.jar;C:\Program Files\Java\jdk1.8.0_152\jre\lib\ext\access-bridge-64.jar;C:\Program Files\Java\jdk1.8.0_152\jre\lib\ext\cldrdata.jar;C:\Program Files\Java\jdk1.8.0_152\jre\lib\ext\dnsns.jar;C:\Program Files\Java\jdk1.8.0_152\jre\lib\ext\jaccess.jar;C:\Program Files\Java\jdk1.8.0_152\jre\lib\ext\jfxrt.jar;C:\Program Files\Java\jdk1.8.0_152\jre\lib\ext\localedata.jar;C:\Program Files\Java\jdk1.8.0_152\jre\lib\ext\nashorn.jar;C:\Program Files\Java\jdk1.8.0_152\jre\lib\ext\sunec.jar;C:\Program Files\Java\jdk1.8.0_152\jre\lib\ext\sunjce_provider.jar;C:\Program Files\Java\jdk1.8.0_152\jre\lib\ext\sunmscapi.jar;C:\Program Files\Java\jdk1.8.0_152\jre\lib\ext\sunpkcs11.jar;C:\Program Files\Java\jdk1.8.0_152\jre\lib\ext\zipfs.jar;C:\Program Files\Java\jdk1.8.0_152\jre\lib\javaws.jar;C:\Program Files\Java\jdk1.8.0_152\jre\lib\jce.jar;C:\Program Files\Java\jdk1.8.0_152\jre\lib\jfr.jar;C:\Program Files\Java\jdk1.8.0_152\jre\lib\jfxswt.jar;C:\Program Files\Java\jdk1.8.0_152\jre\lib\jsse.jar;C:\Program Files\Java\jdk1.8.0_152\jre\lib\management-agent.jar;C:\Program Files\Java\jdk1.8.0_152\jre\lib\plugin.jar;C:\Program Files\Java\jdk1.8.0_152\jre\lib\resources.jar;C:\Program Files\Java\jdk1.8.0_152\jre\lib\rt.jar;C:\Users\a1103\Desktop\git_work\java_basis\5.11-5.18\out\production\5.11-5.18;C:\Program Files\Java\IntelliJ IDEA 2020.2.3\lib\idea_rt.jar
Launcher Type: SUN_STANDARD

Environment Variables:
JAVA_HOME=C:\Program Files\Java\jdk1.8.0_152
CLASSPATH=.;C:\Program Files\Java\jdk1.8.0_152\lib\dt.jar;C:\Program Files\Java\jdk1.8.0_152\lib\tools.jar
PATH=C:\oracle\bin;C:\ProgramData\Oracle\Java\javapath;E:\python\Scripts\;E:\python\;C:\Program Files (x86)\Intel\MPI-RT\4.1.1.036\em64t\bin;C:\Program Files (x86)\Intel\MPI-RT\4.1.1.036\ia32\bin;C:\Program Files (x86)\Intel\iCLS Client\;C:\Program Files\Intel\iCLS Client\;C:\windows\system32;C:\windows;C:\windows\System32\Wbem;C:\windows\System32\WindowsPowerShell\v1.0\;C:\Program Files (x86)\NVIDIA Corporation\PhysX\Common;C:\Program Files (x86)\Intel\Intel(R) Management Engine Components\DAL;C:\Program Files\Intel\Intel(R) Management Engine Components\DAL;C:\Program Files (x86)\Intel\Intel(R) Management Engine Components\IPT;C:\Program Files\Intel\Intel(R) Management Engine Components\IPT;C:\WINDOWS\system32;C:\WINDOWS;C:\WINDOWS\System32\Wbem;C:\WINDOWS\System32\WindowsPowerShell\v1.0\;C:\Program Files (x86)\Common Files\Autodesk Shared\;C:\Program Files\Intel\WiFi\bin\;C:\Program Files\Common Files\Intel\WirelessCommon\;C:\Program Files\MATLAB\R2018a\runtime\win64;C:\Program Files\MATLAB\R2018a\bin;C:\WINDOWS\System32\OpenSSH\;C:\Program Files (x86)\Common Files\Business Objects\3.0\bin;C:\Program Files (x86)\Common Files\Business Objects\3.0\crystalreportviewers11\ActiveXControls;C:\Program Files (x86)\mysql-8.0.23-winx64\bin;C:\Program Files\Git\cmd;C:\Program Files\Java\jdk1.8.0_152\bin;C:\Users\a1103\anaconda3;C:\Users\a1103\anaconda3\Library\mingw-w64\bin;C:\Users\a1103\anaconda3\Library\usr\bin;C:\Users\a1103\anaconda3\Library\bin;C:\Users\a1103\anaconda3\Scripts;C:\Users\a1103\AppData\Local\Microsoft\WindowsApps;C:\Program Files\Java\apache-maven-3.6.3\bin;;C:\Users\a1103\AppData\Local\Programs\Microsoft VS Code\bin
USERNAME=a1103
OS=Windows_NT
PROCESSOR_IDENTIFIER=Intel64 Family 6 Model 142 Stepping 10, GenuineIntel



---------------  S Y S T E M  ---------------

OS: Windows 10.0 , 64 bit Build 19041 (10.0.19041.928)

CPU:total 8 (initial active 8) (4 cores per cpu, 2 threads per core) family 6 model 142 stepping 10, cmov, cx8, fxsr, mmx, sse, sse2, sse3, ssse3, sse4.1, sse4.2, popcnt, avx, avx2, aes, clmul, erms, 3dnowpref, lzcnt, ht, tsc, tscinvbit, bmi1, bmi2, adx

Memory: 4k page, physical 8281304k(1054940k free), swap 33447128k(6408k free)

vm_info: Java HotSpot(TM) 64-Bit Server VM (25.152-b16) for windows-amd64 JRE (1.8.0_152-b16), built on Sep 14 2017 02:29:36 by "java_re" with MS VC++ 10.0 (VS2010)

time: Mon May 17 12:25:25 2021
elapsed time: 0 seconds (0d 0h 0m 0s)

